[02-Aug-2025 21:52:32 Asia/Jakarta] PHP Fatal error:  Uncaught Error: Call to undefined function getDatabaseConnection() in C:\xampp\htdocs\Generaz-Berbakti\monitoring.php:6
Stack trace:
#0 C:\xampp\htdocs\Generaz-Berbakti\monitoring.php(102): getAllNodeData()
#1 {main}
  thrown in C:\xampp\htdocs\Generaz-Berbakti\monitoring.php on line 6
[02-Aug-2025 21:52:32 Asia/Jakarta] PHP Fatal error:  Uncaught Error: Call to undefined function getDatabaseConnection() in C:\xampp\htdocs\Generaz-Berbakti\monitoring.php:6
Stack trace:
#0 C:\xampp\htdocs\Generaz-Berbakti\monitoring.php(102): getAllNodeData()
#1 {main}
  thrown in C:\xampp\htdocs\Generaz-Berbakti\monitoring.php on line 6
[02-Aug-2025 21:52:33 Asia/Jakarta] PHP Fatal error:  Uncaught Error: Call to undefined function getDatabaseConnection() in C:\xampp\htdocs\Generaz-Berbakti\monitoring.php:6
Stack trace:
#0 C:\xampp\htdocs\Generaz-Berbakti\monitoring.php(102): getAllNodeData()
#1 {main}
  thrown in C:\xampp\htdocs\Generaz-Berbakti\monitoring.php on line 6
[02-Aug-2025 21:52:33 Asia/Jakarta] PHP Fatal error:  Uncaught Error: Call to undefined function getDatabaseConnection() in C:\xampp\htdocs\Generaz-Berbakti\monitoring.php:6
Stack trace:
#0 C:\xampp\htdocs\Generaz-Berbakti\monitoring.php(102): getAllNodeData()
#1 {main}
  thrown in C:\xampp\htdocs\Generaz-Berbakti\monitoring.php on line 6
[02-Aug-2025 21:52:33 Asia/Jakarta] PHP Fatal error:  Uncaught Error: Call to undefined function getDatabaseConnection() in C:\xampp\htdocs\Generaz-Berbakti\monitoring.php:6
Stack trace:
#0 C:\xampp\htdocs\Generaz-Berbakti\monitoring.php(102): getAllNodeData()
#1 {main}
  thrown in C:\xampp\htdocs\Generaz-Berbakti\monitoring.php on line 6
[02-Aug-2025 21:52:34 Asia/Jakarta] PHP Fatal error:  Uncaught Error: Call to undefined function getDatabaseConnection() in C:\xampp\htdocs\Generaz-Berbakti\monitoring.php:6
Stack trace:
#0 C:\xampp\htdocs\Generaz-Berbakti\monitoring.php(102): getAllNodeData()
#1 {main}
  thrown in C:\xampp\htdocs\Generaz-Berbakti\monitoring.php on line 6
[02-Aug-2025 21:52:34 Asia/Jakarta] PHP Fatal error:  Uncaught Error: Call to undefined function getDatabaseConnection() in C:\xampp\htdocs\Generaz-Berbakti\monitoring.php:6
Stack trace:
#0 C:\xampp\htdocs\Generaz-Berbakti\monitoring.php(102): getAllNodeData()
#1 {main}
  thrown in C:\xampp\htdocs\Generaz-Berbakti\monitoring.php on line 6
[02-Aug-2025 21:52:34 Asia/Jakarta] PHP Fatal error:  Uncaught Error: Call to undefined function getDatabaseConnection() in C:\xampp\htdocs\Generaz-Berbakti\monitoring.php:6
Stack trace:
#0 C:\xampp\htdocs\Generaz-Berbakti\monitoring.php(102): getAllNodeData()
#1 {main}
  thrown in C:\xampp\htdocs\Generaz-Berbakti\monitoring.php on line 6
[02-Aug-2025 21:52:34 Asia/Jakarta] PHP Fatal error:  Uncaught Error: Call to undefined function getDatabaseConnection() in C:\xampp\htdocs\Generaz-Berbakti\monitoring.php:6
Stack trace:
#0 C:\xampp\htdocs\Generaz-Berbakti\monitoring.php(102): getAllNodeData()
#1 {main}
  thrown in C:\xampp\htdocs\Generaz-Berbakti\monitoring.php on line 6
[02-Aug-2025 21:52:35 Asia/Jakarta] PHP Fatal error:  Uncaught Error: Call to undefined function getDatabaseConnection() in C:\xampp\htdocs\Generaz-Berbakti\monitoring.php:6
Stack trace:
#0 C:\xampp\htdocs\Generaz-Berbakti\monitoring.php(102): getAllNodeData()
#1 {main}
  thrown in C:\xampp\htdocs\Generaz-Berbakti\monitoring.php on line 6
[02-Aug-2025 21:52:35 Asia/Jakarta] PHP Fatal error:  Uncaught Error: Call to undefined function getDatabaseConnection() in C:\xampp\htdocs\Generaz-Berbakti\monitoring.php:6
Stack trace:
#0 C:\xampp\htdocs\Generaz-Berbakti\monitoring.php(102): getAllNodeData()
#1 {main}
  thrown in C:\xampp\htdocs\Generaz-Berbakti\monitoring.php on line 6
[02-Aug-2025 21:52:35 Asia/Jakarta] PHP Fatal error:  Uncaught Error: Call to undefined function getDatabaseConnection() in C:\xampp\htdocs\Generaz-Berbakti\monitoring.php:6
Stack trace:
#0 C:\xampp\htdocs\Generaz-Berbakti\monitoring.php(102): getAllNodeData()
#1 {main}
  thrown in C:\xampp\htdocs\Generaz-Berbakti\monitoring.php on line 6
[02-Aug-2025 21:57:53 Asia/Jakarta] PHP Fatal error:  Uncaught Error: Call to undefined function getDatabaseConnection() in C:\xampp\htdocs\Generaz-Berbakti\monitoring.php:6
Stack trace:
#0 C:\xampp\htdocs\Generaz-Berbakti\monitoring.php(102): getAllNodeData()
#1 {main}
  thrown in C:\xampp\htdocs\Generaz-Berbakti\monitoring.php on line 6
